2026-04-30 22:14:38,563 [INFO] ============================================================
2026-04-30 22:14:38,563 [INFO]   モメンタム銘柄選定 開始: 2026-04-30 22:14:38
2026-04-30 22:14:38,563 [INFO] ============================================================
2026-04-30 22:14:38,563 [INFO] 
[STEP 1] S&P 500 構成銘柄取得
2026-04-30 22:14:38,564 [INFO] S&P 500 構成銘柄をWikipediaから取得中...
2026-04-30 22:14:39,917 [INFO] 503 銘柄のユニバースを取得しました
2026-04-30 22:14:39,917 [INFO] 
[STEP 2] 価格キャッシュ更新 & 騰落率計算
2026-04-30 22:14:39,919 [INFO] 価格キャッシュを更新中...
2026-04-30 22:14:39,920 [INFO] キャッシュ更新: 継続=0, 新規=503, 削除=0
2026-04-30 22:14:39,924 [INFO]   新規銘柄フル取得: 503 銘柄
2026-04-30 22:14:50,250 [INFO]   新規取得中... 50/503
2026-04-30 22:14:56,593 [INFO]   新規取得中... 100/503
2026-04-30 22:15:01,741 [INFO]   新規取得中... 150/503
2026-04-30 22:15:06,879 [INFO]   新規取得中... 200/503
2026-04-30 22:15:14,160 [INFO]   新規取得中... 250/503
2026-04-30 22:15:21,462 [INFO]   新規取得中... 300/503
2026-04-30 22:15:26,619 [INFO]   新規取得中... 350/503
2026-04-30 22:15:31,768 [INFO]   新規取得中... 400/503
2026-04-30 22:15:36,912 [INFO]   新規取得中... 450/503
2026-04-30 22:15:42,068 [INFO]   新規取得中... 500/503
