2026-05-01 19:09:41,740 [INFO] ============================================================
2026-05-01 19:09:41,740 [INFO]   モメンタム銘柄選定 開始: 2026-05-01 19:09:41
2026-05-01 19:09:41,740 [INFO] ============================================================
2026-05-01 19:09:41,740 [INFO] 
[STEP 1] S&P 500 構成銘柄取得
2026-05-01 19:09:41,740 [INFO] S&P 500 構成銘柄をWikipediaから取得中...
2026-05-01 19:09:42,797 [INFO] 503 銘柄のユニバースを取得しました
2026-05-01 19:09:42,798 [INFO] 
[STEP 2] 価格キャッシュ更新 & 騰落率計算
2026-05-01 19:09:42,799 [INFO] 価格キャッシュを更新中...
2026-05-01 19:09:42,842 [INFO] キャッシュ更新: 継続=503, 新規=0, 削除=0
2026-05-01 19:09:42,843 [INFO] キャッシュ更新完了 → cache\prices.parquet
2026-05-01 19:09:43,501 [INFO] 騰落率計算完了: 502 銘柄
2026-05-01 19:09:43,502 [INFO] 
[STEP 3] 銘柄選定
2026-05-01 19:09:43,503 [INFO] 流動性フィルター: 502 銘柄 → 502 銘柄 （除外: 0 銘柄, 基準: ADDV >= $5,000,000）
2026-05-01 19:09:43,505 [INFO]   [3M] US.LITE        騰落率: +166.0%  ADDV: $4880M
2026-05-01 19:09:43,505 [INFO]   [3M] US.SNDK        騰落率: +131.4%  ADDV: $13668M
2026-05-01 19:09:43,505 [INFO]   [3M] US.CIEN        騰落率: +130.2%  ADDV: $1232M
2026-05-01 19:09:43,505 [INFO]   [3M] US.INTC        騰落率: +109.6%  ADDV: $9824M
2026-05-01 19:09:43,505 [INFO]   [3M] US.STX         騰落率: +95.0%  ADDV: $2278M
2026-05-01 19:09:43,506 [INFO]   [6M] US.WDC         騰落率: +236.1%  ADDV: $2592M
2026-05-01 19:09:43,506 [INFO]   [6M] US.COHR        騰落率: +147.2%  ADDV: $1744M
2026-05-01 19:09:43,507 [INFO]   [6M] US.TER         騰落率: +138.3%  ADDV: $1292M
2026-05-01 19:09:43,507 [INFO]   [6M] US.MU          騰落率: +136.3%  ADDV: $17969M
2026-05-01 19:09:43,507 [INFO]   [6M] US.KEYS        騰落率: +106.5%  ADDV: $360M
2026-05-01 19:09:43,507 [INFO]   [12M] US.SATS        騰落率: +445.8%  ADDV: $707M
2026-05-01 19:09:43,507 [INFO]   [12M] US.FIX         騰落率: +364.3%  ADDV: $657M
2026-05-01 19:09:43,508 [INFO]   [12M] US.VRT         騰落率: +278.3%  ADDV: $1667M
2026-05-01 19:09:43,508 [INFO]   [12M] US.GLW         騰落率: +277.4%  ADDV: $1744M
2026-05-01 19:09:43,508 [INFO]   [12M] US.AMD         騰落率: +266.8%  ADDV: $11487M
2026-05-01 19:09:47,404 [INFO] 選定・出力完了
