2026-05-01 19:02:54,727 [INFO] ============================================================
2026-05-01 19:02:54,728 [INFO]   モメンタム銘柄選定 開始: 2026-05-01 19:02:54
2026-05-01 19:02:54,728 [INFO] ============================================================
2026-05-01 19:02:54,728 [INFO] 
[STEP 1] S&P 500 構成銘柄取得
2026-05-01 19:02:54,728 [INFO] S&P 500 構成銘柄をWikipediaから取得中...
2026-05-01 19:02:55,814 [INFO] 503 銘柄のユニバースを取得しました
2026-05-01 19:02:55,814 [INFO] 
[STEP 2] 価格キャッシュ更新 & 騰落率計算
2026-05-01 19:02:55,815 [INFO] 価格キャッシュを更新中...
2026-05-01 19:02:55,815 [INFO] キャッシュ更新: 継続=0, 新規=503, 削除=0
2026-05-01 19:02:55,815 [INFO]   新規 503 銘柄をフル取得: 2025-04-01 ～ 2026-05-01
2026-05-01 19:03:05,889 [INFO] キャッシュ更新完了 → cache\prices.parquet
2026-05-01 19:03:06,556 [INFO] 騰落率計算完了: 502 銘柄
2026-05-01 19:03:06,557 [INFO] 
[STEP 3] 銘柄選定
2026-05-01 19:03:06,557 [INFO] 流動性フィルター: 502 銘柄 → 502 銘柄 （除外: 0 銘柄, 基準: ADDV >= $5,000,000）
2026-05-01 19:03:06,558 [INFO]   [3M] US.LITE        騰落率: +166.0%  ADDV: $4880M
2026-05-01 19:03:06,558 [INFO]   [3M] US.SNDK        騰落率: +131.4%  ADDV: $13668M
2026-05-01 19:03:06,558 [INFO]   [3M] US.CIEN        騰落率: +130.2%  ADDV: $1232M
2026-05-01 19:03:06,558 [INFO]   [3M] US.INTC        騰落率: +109.6%  ADDV: $9824M
2026-05-01 19:03:06,558 [INFO]   [3M] US.STX         騰落率: +95.0%  ADDV: $2278M
2026-05-01 19:03:06,560 [INFO]   [6M] US.WDC         騰落率: +236.1%  ADDV: $2592M
2026-05-01 19:03:06,560 [INFO]   [6M] US.COHR        騰落率: +147.2%  ADDV: $1744M
2026-05-01 19:03:06,560 [INFO]   [6M] US.TER         騰落率: +138.3%  ADDV: $1292M
2026-05-01 19:03:06,560 [INFO]   [6M] US.MU          騰落率: +136.3%  ADDV: $17969M
2026-05-01 19:03:06,560 [INFO]   [6M] US.KEYS        騰落率: +106.5%  ADDV: $360M
2026-05-01 19:03:06,562 [INFO]   [12M] US.SATS        騰落率: +445.8%  ADDV: $707M
2026-05-01 19:03:06,562 [INFO]   [12M] US.FIX         騰落率: +364.3%  ADDV: $657M
2026-05-01 19:03:06,562 [INFO]   [12M] US.VRT         騰落率: +278.3%  ADDV: $1667M
2026-05-01 19:03:06,562 [INFO]   [12M] US.GLW         騰落率: +277.4%  ADDV: $1744M
2026-05-01 19:03:06,562 [INFO]   [12M] US.AMD         騰落率: +266.8%  ADDV: $11487M
2026-05-01 19:09:22,491 [INFO] 選定・出力完了
