2026-04-30 22:16:13,954 [INFO] ============================================================
2026-04-30 22:16:13,954 [INFO]   モメンタム銘柄選定 開始: 2026-04-30 22:16:13
2026-04-30 22:16:13,954 [INFO] ============================================================
2026-04-30 22:16:13,955 [INFO] 
[STEP 1] S&P 500 構成銘柄取得
2026-04-30 22:16:13,955 [INFO] S&P 500 構成銘柄をWikipediaから取得中...
2026-04-30 22:16:14,919 [INFO] 503 銘柄のユニバースを取得しました
2026-04-30 22:16:14,919 [INFO] 
[STEP 2] 価格キャッシュ更新 & 騰落率計算
2026-04-30 22:16:14,920 [INFO] 価格キャッシュを更新中...
2026-04-30 22:16:14,921 [INFO] キャッシュ更新: 継続=0, 新規=503, 削除=0
2026-04-30 22:16:14,924 [INFO]   新規銘柄フル取得: 503 銘柄
2026-04-30 22:16:21,098 [INFO]   新規取得中... 50/503
2026-04-30 22:16:26,347 [INFO]   新規取得中... 100/503
2026-04-30 22:16:31,480 [INFO]   新規取得中... 150/503
2026-04-30 22:16:36,613 [INFO]   新規取得中... 200/503
2026-04-30 22:16:41,758 [INFO]   新規取得中... 250/503
2026-04-30 22:16:47,578 [INFO]   新規取得中... 300/503
2026-04-30 22:16:54,204 [INFO]   新規取得中... 350/503
2026-04-30 22:16:59,347 [INFO]   新規取得中... 400/503
2026-04-30 22:17:04,475 [INFO]   新規取得中... 450/503
2026-04-30 22:17:09,633 [INFO]   新規取得中... 500/503
2026-04-30 22:17:10,203 [INFO] キャッシュ更新完了 → cache\prices.parquet
2026-04-30 22:17:10,359 [INFO] 騰落率計算完了: 30 銘柄
2026-04-30 22:17:10,360 [INFO] 
[STEP 3] 銘柄選定
2026-04-30 22:17:10,361 [INFO] 流動性フィルター: 30 銘柄 → 30 銘柄 （除外: 0 銘柄, 基準: ADDV >= $5,000,000）
2026-04-30 22:17:10,363 [INFO]   [3M] US.APA         騰落率: +39.7%  ADDV: $295M
2026-04-30 22:17:10,363 [INFO]   [3M] US.COHR        騰落率: +22.9%  ADDV: $1724M
2026-04-30 22:17:10,364 [INFO]   [3M] US.INVH        騰落率: +12.3%  ADDV: $135M
2026-04-30 22:17:10,364 [INFO]   [3M] US.ROST        騰落率: +12.0%  ADDV: $447M
2026-04-30 22:17:10,364 [INFO]   [3M] US.MSCI        騰落率: +9.9%  ADDV: $335M
2026-04-30 22:17:10,365 [INFO]   [6M] US.JCI         騰落率: +19.0%  ADDV: $405M
2026-04-30 22:17:10,365 [INFO]   [6M] US.PSA         騰落率: +14.6%  ADDV: $320M
2026-04-30 22:17:10,365 [INFO]   [6M] US.CNP         騰落率: +14.5%  ADDV: $194M
2026-04-30 22:17:10,365 [INFO]   [6M] US.AEE         騰落率: +13.8%  ADDV: $173M
2026-04-30 22:17:10,365 [INFO]   [6M] US.CHRW        騰落率: +12.4%  ADDV: $325M
2026-04-30 22:17:10,366 [INFO]   [12M] US.WMT         騰落率: +28.5%  ADDV: $2093M
2026-04-30 22:17:10,366 [INFO]   [12M] US.GS          騰落率: +25.9%  ADDV: $1775M
2026-04-30 22:17:10,366 [INFO]   [12M] US.FRT         騰落率: +21.8%  ADDV: $96M
2026-04-30 22:17:10,366 [INFO]   [12M] US.FITB        騰落率: +20.3%  ADDV: $335M
2026-04-30 22:17:10,366 [INFO]   [12M] US.ROK         騰落率: +18.2%  ADDV: $262M
2026-04-30 22:17:34,839 [INFO] 選定・出力完了
